<?xml version="1.0" encoding="UTF-8"?>
<testng-results ignored="0" total="1" passed="1" failed="0" skipped="0">
  <reporter-output>
  </reporter-output>
  <suite started-at="2023-03-02T15:09:22 IST" name="Default suite" finished-at="2023-03-02T15:09:52 IST" duration-ms="30075">
    <groups>
    </groups>
    <test started-at="2023-03-02T15:09:22 IST" name="Default test" finished-at="2023-03-02T15:09:52 IST" duration-ms="30075">
      <class name="vTiger.ContactsTest.CreateContactWithOrgTest">
        <test-method is-config="true" signature="bsCongig()[pri:0, instance:vTiger.ContactsTest.CreateContactWithOrgTest@6253c26]" started-at="2023-03-02T15:09:22 IST" name="bsCongig" finished-at="2023-03-02T15:09:22 IST" duration-ms="10" status="PASS">
          <reporter-output>
          </reporter-output>
        </test-method> <!-- bsCongig -->
        <test-method is-config="true" signature="bcConfig()[pri:0, instance:vTiger.ContactsTest.CreateContactWithOrgTest@6253c26]" started-at="2023-03-02T15:09:22 IST" name="bcConfig" finished-at="2023-03-02T15:09:27 IST" duration-ms="4648" status="PASS">
          <reporter-output>
          </reporter-output>
        </test-method> <!-- bcConfig -->
        <test-method is-config="true" signature="bmConfig()[pri:0, instance:vTiger.ContactsTest.CreateContactWithOrgTest@6253c26]" started-at="2023-03-02T15:09:27 IST" name="bmConfig" finished-at="2023-03-02T15:09:30 IST" duration-ms="3079" status="PASS">
          <reporter-output>
          </reporter-output>
        </test-method> <!-- bmConfig -->
        <test-method signature="createContactWithOrgTest()[pri:0, instance:vTiger.ContactsTest.CreateContactWithOrgTest@6253c26]" started-at="2023-03-02T15:09:30 IST" name="createContactWithOrgTest" finished-at="2023-03-02T15:09:51 IST" duration-ms="20495" status="PASS">
          <reporter-output>
          </reporter-output>
        </test-method> <!-- createContactWithOrgTest -->
        <test-method is-config="true" signature="amConfig()[pri:0, instance:vTiger.ContactsTest.CreateContactWithOrgTest@6253c26]" started-at="2023-03-02T15:09:51 IST" name="amConfig" finished-at="2023-03-02T15:09:52 IST" duration-ms="1533" status="PASS">
          <reporter-output>
          </reporter-output>
        </test-method> <!-- amConfig -->
        <test-method is-config="true" signature="acConfig()[pri:0, instance:vTiger.ContactsTest.CreateContactWithOrgTest@6253c26]" started-at="2023-03-02T15:09:52 IST" name="acConfig" finished-at="2023-03-02T15:09:52 IST" duration-ms="258" status="PASS">
          <reporter-output>
          </reporter-output>
        </test-method> <!-- acConfig -->
        <test-method is-config="true" signature="asConfig()[pri:0, instance:vTiger.ContactsTest.CreateContactWithOrgTest@6253c26]" started-at="2023-03-02T15:09:53 IST" name="asConfig" finished-at="2023-03-02T15:09:53 IST" duration-ms="1" status="PASS">
          <reporter-output>
          </reporter-output>
        </test-method> <!-- asConfig -->
      </class> <!-- vTiger.ContactsTest.CreateContactWithOrgTest -->
    </test> <!-- Default test -->
  </suite> <!-- Default suite -->
</testng-results>
