<?xml version="1.0" encoding="UTF-8"?>
<!-- Generated by org.testng.reporters.JUnitXMLReporter -->
<testsuite ignored="4" hostname="DESKTOP-T6SC6MV" failures="0" tests="2" name="Test" time="35.751" errors="0" timestamp="2023-03-08T01:20:43 IST">
  <testcase classname="vTiger.ContactsTest.CreateContactsTest" name="createContactTest" time="10.072"/>
  <testcase classname="vTiger.OrganizationTests.CreateOrganization" name="createOrganizationTest" time="9.655"/>
  <testcase classname="vTiger.GenericUtilities.BaseClass" name="@AfterSuite asConfig" time="0.0">
    <ignored/>
  </testcase> <!-- @AfterSuite asConfig -->
  <testcase classname="vTiger.GenericUtilities.BaseClass" name="@BeforeSuite bsCongig" time="0.0">
    <ignored/>
  </testcase> <!-- @BeforeSuite bsCongig -->
  <testcase classname="vTiger.OrganizationTests.CreateOrganization" name="demo" time="0.0">
    <ignored/>
  </testcase> <!-- demo -->
  <testcase classname="vTiger.ContactsTest.CreateContactsTest" name="demo" time="0.0">
    <ignored/>
  </testcase> <!-- demo -->
</testsuite> <!-- Test -->
